CUDA_VISIBLE_DEVICES: 
Primary GPU: 1
>>>>>>> testing start <<<<<<<
Getting train set of HumanActivity
self.configs.patch_len_max_irr=11
self.configs.seq_len_max_irr=110
self.configs.pred_len_max_irr=11
Getting test set of HumanActivity
self.configs.patch_len_max_irr=11
self.configs.seq_len_max_irr=110
self.configs.pred_len_max_irr=11
find 5 iteration folders for testing
Loading model checkpoint from storage/results/HumanActivity/tPatchGNN/tPatchGNN/3000_300/2026_0111_1329/iter0/pytorch_model.bin
Testing results will be saved under storage/results/HumanActivity/tPatchGNN/tPatchGNN/3000_300/2026_0111_1329/iter0/eval_2026_0216_1822
>>>>>>> 0 step1: standard test <<<<<<<
Batch No.33 of total 34 has actual batch_size=25, which is not the same as --batch_size=32
Standard Test:
{
    "MAE": 0.41396564245224,
    "MSE": 0.3027399778366089
}
>>>>>>>0 step2: UnderCalii <<<<<<<
Loading model checkpoint from storage/results/HumanActivity/tPatchGNN/tPatchGNN/3000_300/2026_0111_1329/iter0/pytorch_model.bin
name 'uncertainty_new' is not defined
Traceback (most recent call last):
  File "/home/whn/PyOmniTS/Under_cali/main_new.py", line 179, in <module>
    main()
  File "/home/whn/PyOmniTS/Under_cali/main_new.py", line 172, in main
    exp.test()
  File "/home/whn/PyOmniTS/Under_cali/exp/under_cali.py", line 1846, in test
    metrics_adaptive, adaptive_array_dict = self.adaptive_test(
  File "/home/whn/PyOmniTS/Under_cali/exp/under_cali.py", line 1490, in adaptive_test
    adaptive_tester.process_batch(batch)
  File "/home/whn/PyOmniTS/Under_cali/exp/under_cali.py", line 616, in process_batch
    return outputs, uncertainty, adaptation_triggered, n_updated, adaptation_loss, uncertainty_new, wo_cali, moe_stats, adaptive_thresh
NameError: name 'uncertainty_new' is not defined
Stack (most recent call last):
  File "/home/whn/PyOmniTS/Under_cali/main_new.py", line 239, in <module>
    logger.exception(f"{e}", stack_info=True)
CUDA_VISIBLE_DEVICES: 
Primary GPU: 1
>>>>>>> testing start <<<<<<<
Getting train set of HumanActivity
self.configs.patch_len_max_irr=11
self.configs.seq_len_max_irr=110
self.configs.pred_len_max_irr=11
Getting test set of HumanActivity
self.configs.patch_len_max_irr=11
self.configs.seq_len_max_irr=110
self.configs.pred_len_max_irr=11
find 5 iteration folders for testing
Loading model checkpoint from storage/results/HumanActivity/tPatchGNN/tPatchGNN/3000_300/2026_0111_1329/iter0/pytorch_model.bin
Testing results will be saved under storage/results/HumanActivity/tPatchGNN/tPatchGNN/3000_300/2026_0111_1329/iter0/eval_2026_0216_1825
>>>>>>> 0 step1: standard test <<<<<<<
Batch No.33 of total 34 has actual batch_size=25, which is not the same as --batch_size=32
Standard Test:
{
    "MAE": 0.41396564245224,
    "MSE": 0.3027399778366089
}
>>>>>>>0 step2: UnderCalii <<<<<<<
Loading model checkpoint from storage/results/HumanActivity/tPatchGNN/tPatchGNN/3000_300/2026_0111_1329/iter0/pytorch_model.bin
>>>>>>> 0 test  <<<<<<<
standard test- MSE: 0.302740, MAE: 0.413966
adaptive test - MSE: 0.262061, MAE: 0.368069
MSE improvement: 13.44%
MAE improvement: 11.09%
>>>>>>>0 testing finished <<<<<<<
Loading model checkpoint from storage/results/HumanActivity/tPatchGNN/tPatchGNN/3000_300/2026_0111_1329/iter1/pytorch_model.bin
Testing results will be saved under storage/results/HumanActivity/tPatchGNN/tPatchGNN/3000_300/2026_0111_1329/iter1/eval_2026_0216_1825
>>>>>>> 1 step1: standard test <<<<<<<
Batch No.33 of total 34 has actual batch_size=25, which is not the same as --batch_size=32
Standard Test:
{
    "MAE": 0.27242323756217957,
    "MSE": 0.1506989449262619
}
>>>>>>>1 step2: UnderCalii <<<<<<<
Loading model checkpoint from storage/results/HumanActivity/tPatchGNN/tPatchGNN/3000_300/2026_0111_1329/iter1/pytorch_model.bin
>>>>>>> 1 test  <<<<<<<
standard test- MSE: 0.150699, MAE: 0.272423
adaptive test - MSE: 0.137301, MAE: 0.255222
MSE improvement: 8.89%
MAE improvement: 6.31%
>>>>>>>1 testing finished <<<<<<<
Loading model checkpoint from storage/results/HumanActivity/tPatchGNN/tPatchGNN/3000_300/2026_0111_1329/iter2/pytorch_model.bin
Testing results will be saved under storage/results/HumanActivity/tPatchGNN/tPatchGNN/3000_300/2026_0111_1329/iter2/eval_2026_0216_1825
>>>>>>> 2 step1: standard test <<<<<<<
Batch No.33 of total 34 has actual batch_size=25, which is not the same as --batch_size=32
Standard Test:
{
    "MAE": 0.17538189888000488,
    "MSE": 0.06762396544218063
}
>>>>>>>2 step2: UnderCalii <<<<<<<
Loading model checkpoint from storage/results/HumanActivity/tPatchGNN/tPatchGNN/3000_300/2026_0111_1329/iter2/pytorch_model.bin
>>>>>>> 2 test  <<<<<<<
standard test- MSE: 0.067624, MAE: 0.175382
adaptive test - MSE: 0.066183, MAE: 0.171976
MSE improvement: 2.13%
MAE improvement: 1.94%
>>>>>>>2 testing finished <<<<<<<
Loading model checkpoint from storage/results/HumanActivity/tPatchGNN/tPatchGNN/3000_300/2026_0111_1329/iter3/pytorch_model.bin
Testing results will be saved under storage/results/HumanActivity/tPatchGNN/tPatchGNN/3000_300/2026_0111_1329/iter3/eval_2026_0216_1825
>>>>>>> 3 step1: standard test <<<<<<<
Batch No.33 of total 34 has actual batch_size=25, which is not the same as --batch_size=32
Standard Test:
{
    "MAE": 0.19825762510299683,
    "MSE": 0.08197695016860962
}
>>>>>>>3 step2: UnderCalii <<<<<<<
Loading model checkpoint from storage/results/HumanActivity/tPatchGNN/tPatchGNN/3000_300/2026_0111_1329/iter3/pytorch_model.bin
>>>>>>> 3 test  <<<<<<<
standard test- MSE: 0.081977, MAE: 0.198258
adaptive test - MSE: 0.078588, MAE: 0.192283
MSE improvement: 4.13%
MAE improvement: 3.01%
>>>>>>>3 testing finished <<<<<<<
Loading model checkpoint from storage/results/HumanActivity/tPatchGNN/tPatchGNN/3000_300/2026_0111_1329/iter4/pytorch_model.bin
Testing results will be saved under storage/results/HumanActivity/tPatchGNN/tPatchGNN/3000_300/2026_0111_1329/iter4/eval_2026_0216_1825
>>>>>>> 4 step1: standard test <<<<<<<
Batch No.33 of total 34 has actual batch_size=25, which is not the same as --batch_size=32
Standard Test:
{
    "MAE": 0.19082927703857422,
    "MSE": 0.08584568649530411
}
>>>>>>>4 step2: UnderCalii <<<<<<<
Loading model checkpoint from storage/results/HumanActivity/tPatchGNN/tPatchGNN/3000_300/2026_0111_1329/iter4/pytorch_model.bin
>>>>>>> 4 test  <<<<<<<
standard test- MSE: 0.085846, MAE: 0.190829
adaptive test - MSE: 0.088546, MAE: 0.195654
MSE improvement: -3.15%
MAE improvement: -2.53%
>>>>>>>4 testing finished <<<<<<<
\>>>>>>> 所有迭代测试完成，开始对比分析（基于内存列表） <<<<<<<

================ adaptive test improvement summary ================
iter 0: standard(MSE=0.3027, MAE=0.4140) | adaptive(MSE=0.2621, MAE=0.3681) | improve(MSE=13.44%, MAE=11.09%)
iter 1: standard(MSE=0.1507, MAE=0.2724) | adaptive(MSE=0.1373, MAE=0.2552) | improve(MSE=8.89%, MAE=6.31%)
iter 2: standard(MSE=0.0676, MAE=0.1754) | adaptive(MSE=0.0662, MAE=0.1720) | improve(MSE=2.13%, MAE=1.94%)
iter 3: standard(MSE=0.0820, MAE=0.1983) | adaptive(MSE=0.0786, MAE=0.1923) | improve(MSE=4.13%, MAE=3.01%)
iter 4: standard(MSE=0.0858, MAE=0.1908) | adaptive(MSE=0.0885, MAE=0.1957) | improve(MSE=-3.15%, MAE=-2.53%)
\>>>>>>> testing finished <<<<<<<
CUDA_VISIBLE_DEVICES: 
Primary GPU: 1
>>>>>>> testing start <<<<<<<
Getting train set of HumanActivity
self.configs.patch_len_max_irr=11
self.configs.seq_len_max_irr=110
self.configs.pred_len_max_irr=11
Getting test set of HumanActivity
self.configs.patch_len_max_irr=11
self.configs.seq_len_max_irr=110
self.configs.pred_len_max_irr=11
find 5 iteration folders for testing
Loading model checkpoint from storage/results/HumanActivity/tPatchGNN/tPatchGNN/3000_300/2026_0111_1329/iter0/pytorch_model.bin
Testing results will be saved under storage/results/HumanActivity/tPatchGNN/tPatchGNN/3000_300/2026_0111_1329/iter0/eval_2026_0216_1831
>>>>>>> 0 step1: standard test <<<<<<<
Batch No.33 of total 34 has actual batch_size=25, which is not the same as --batch_size=32
Standard Test:
{
    "MAE": 0.41396564245224,
    "MSE": 0.3027399778366089
}
>>>>>>>0 step2: UnderCali <<<<<<<
Loading model checkpoint from storage/results/HumanActivity/tPatchGNN/tPatchGNN/3000_300/2026_0111_1329/iter0/pytorch_model.bin
>>>>>>> 0 test  <<<<<<<
standard test- MSE: 0.302740, MAE: 0.413966
adaptive test - MSE: 0.266656, MAE: 0.373130
MSE improvement: 11.92%
MAE improvement: 9.86%
>>>>>>>0 testing finished <<<<<<<
Loading model checkpoint from storage/results/HumanActivity/tPatchGNN/tPatchGNN/3000_300/2026_0111_1329/iter1/pytorch_model.bin
Testing results will be saved under storage/results/HumanActivity/tPatchGNN/tPatchGNN/3000_300/2026_0111_1329/iter1/eval_2026_0216_1831
>>>>>>> 1 step1: standard test <<<<<<<
Batch No.33 of total 34 has actual batch_size=25, which is not the same as --batch_size=32
Standard Test:
{
    "MAE": 0.27242323756217957,
    "MSE": 0.1506989449262619
}
>>>>>>>1 step2: UnderCali <<<<<<<
Loading model checkpoint from storage/results/HumanActivity/tPatchGNN/tPatchGNN/3000_300/2026_0111_1329/iter1/pytorch_model.bin
>>>>>>> 1 test  <<<<<<<
standard test- MSE: 0.150699, MAE: 0.272423
adaptive test - MSE: 0.134235, MAE: 0.251806
MSE improvement: 10.93%
MAE improvement: 7.57%
>>>>>>>1 testing finished <<<<<<<
Loading model checkpoint from storage/results/HumanActivity/tPatchGNN/tPatchGNN/3000_300/2026_0111_1329/iter2/pytorch_model.bin
Testing results will be saved under storage/results/HumanActivity/tPatchGNN/tPatchGNN/3000_300/2026_0111_1329/iter2/eval_2026_0216_1832
>>>>>>> 2 step1: standard test <<<<<<<
Batch No.33 of total 34 has actual batch_size=25, which is not the same as --batch_size=32
Standard Test:
{
    "MAE": 0.17538189888000488,
    "MSE": 0.06762396544218063
}
>>>>>>>2 step2: UnderCali <<<<<<<
Loading model checkpoint from storage/results/HumanActivity/tPatchGNN/tPatchGNN/3000_300/2026_0111_1329/iter2/pytorch_model.bin
>>>>>>> 2 test  <<<<<<<
standard test- MSE: 0.067624, MAE: 0.175382
adaptive test - MSE: 0.066095, MAE: 0.171742
MSE improvement: 2.26%
MAE improvement: 2.08%
>>>>>>>2 testing finished <<<<<<<
Loading model checkpoint from storage/results/HumanActivity/tPatchGNN/tPatchGNN/3000_300/2026_0111_1329/iter3/pytorch_model.bin
Testing results will be saved under storage/results/HumanActivity/tPatchGNN/tPatchGNN/3000_300/2026_0111_1329/iter3/eval_2026_0216_1832
>>>>>>> 3 step1: standard test <<<<<<<
Batch No.33 of total 34 has actual batch_size=25, which is not the same as --batch_size=32
Standard Test:
{
    "MAE": 0.19825762510299683,
    "MSE": 0.08197695016860962
}
>>>>>>>3 step2: UnderCali <<<<<<<
Loading model checkpoint from storage/results/HumanActivity/tPatchGNN/tPatchGNN/3000_300/2026_0111_1329/iter3/pytorch_model.bin
>>>>>>> 3 test  <<<<<<<
standard test- MSE: 0.081977, MAE: 0.198258
adaptive test - MSE: 0.078798, MAE: 0.192493
MSE improvement: 3.88%
MAE improvement: 2.91%
>>>>>>>3 testing finished <<<<<<<
Loading model checkpoint from storage/results/HumanActivity/tPatchGNN/tPatchGNN/3000_300/2026_0111_1329/iter4/pytorch_model.bin
Testing results will be saved under storage/results/HumanActivity/tPatchGNN/tPatchGNN/3000_300/2026_0111_1329/iter4/eval_2026_0216_1832
>>>>>>> 4 step1: standard test <<<<<<<
Batch No.33 of total 34 has actual batch_size=25, which is not the same as --batch_size=32
Standard Test:
{
    "MAE": 0.19082927703857422,
    "MSE": 0.08584568649530411
}
>>>>>>>4 step2: UnderCali <<<<<<<
Loading model checkpoint from storage/results/HumanActivity/tPatchGNN/tPatchGNN/3000_300/2026_0111_1329/iter4/pytorch_model.bin
>>>>>>> 4 test  <<<<<<<
standard test- MSE: 0.085846, MAE: 0.190829
adaptive test - MSE: 0.088603, MAE: 0.195796
MSE improvement: -3.21%
MAE improvement: -2.60%
>>>>>>>4 testing finished <<<<<<<
\>>>>>>> 所有迭代测试完成，开始对比分析（基于内存列表） <<<<<<<

================ adaptive test improvement summary ================
iter 0: standard(MSE=0.3027, MAE=0.4140) | adaptive(MSE=0.2667, MAE=0.3731) | improve(MSE=11.92%, MAE=9.86%)
iter 1: standard(MSE=0.1507, MAE=0.2724) | adaptive(MSE=0.1342, MAE=0.2518) | improve(MSE=10.93%, MAE=7.57%)
iter 2: standard(MSE=0.0676, MAE=0.1754) | adaptive(MSE=0.0661, MAE=0.1717) | improve(MSE=2.26%, MAE=2.08%)
iter 3: standard(MSE=0.0820, MAE=0.1983) | adaptive(MSE=0.0788, MAE=0.1925) | improve(MSE=3.88%, MAE=2.91%)
iter 4: standard(MSE=0.0858, MAE=0.1908) | adaptive(MSE=0.0886, MAE=0.1958) | improve(MSE=-3.21%, MAE=-2.60%)
\>>>>>>> testing finished <<<<<<<
CUDA_VISIBLE_DEVICES: 
Primary GPU: 1
[Errno 2] No such file or directory: 'storage/results/P12/tPatchGNN/tPatchGNN/36_3'
Traceback (most recent call last):
  File "/home/whn/PyOmniTS/Under_cali/exp/under_cali.py", line 991, in _find_latest_checkpoint
    child_folders = [(entry.name, entry) for entry in checkpoint_location.iterdir() if entry.is_dir()]
  File "/home/whn/PyOmniTS/Under_cali/exp/under_cali.py", line 991, in <listcomp>
    child_folders = [(entry.name, entry) for entry in checkpoint_location.iterdir() if entry.is_dir()]
  File "/home/whn/anaconda3/envs/timecheat/lib/python3.10/pathlib.py", line 1017, in iterdir
    for name in self._accessor.listdir(self):
FileNotFoundError: [Errno 2] No such file or directory: 'storage/results/P12/tPatchGNN/tPatchGNN/36_3'
Stack (most recent call last):
  File "/home/whn/PyOmniTS/Under_cali/main_new.py", line 179, in <module>
    main()
  File "/home/whn/PyOmniTS/Under_cali/main_new.py", line 168, in main
    not exp._check_any_uncertainty_model_exists()):
  File "/home/whn/PyOmniTS/Under_cali/exp/under_cali.py", line 1330, in _check_any_uncertainty_model_exists
    checkpoint_location, checkpoint_location_itr = self._find_latest_checkpoint()
  File "/home/whn/PyOmniTS/Under_cali/exp/under_cali.py", line 1004, in _find_latest_checkpoint
    logger.exception(f"{e}", stack_info=True)
[Errno 2] No such file or directory: 'storage/results/P12/tPatchGNN/tPatchGNN/36_3'
Traceback (most recent call last):
  File "/home/whn/PyOmniTS/Under_cali/exp/under_cali.py", line 991, in _find_latest_checkpoint
    child_folders = [(entry.name, entry) for entry in checkpoint_location.iterdir() if entry.is_dir()]
  File "/home/whn/PyOmniTS/Under_cali/exp/under_cali.py", line 991, in <listcomp>
    child_folders = [(entry.name, entry) for entry in checkpoint_location.iterdir() if entry.is_dir()]
  File "/home/whn/anaconda3/envs/timecheat/lib/python3.10/pathlib.py", line 1017, in iterdir
    for name in self._accessor.listdir(self):
FileNotFoundError: [Errno 2] No such file or directory: 'storage/results/P12/tPatchGNN/tPatchGNN/36_3'
Stack (most recent call last):
  File "/home/whn/PyOmniTS/Under_cali/main_new.py", line 179, in <module>
    main()
  File "/home/whn/PyOmniTS/Under_cali/main_new.py", line 170, in main
    exp.train_uncertainty_estimator_for_all_iters()
  File "/home/whn/PyOmniTS/Under_cali/exp/under_cali.py", line 1021, in train_uncertainty_estimator_for_all_iters
    checkpoint_location, _ = self._find_latest_checkpoint()
  File "/home/whn/PyOmniTS/Under_cali/exp/under_cali.py", line 1004, in _find_latest_checkpoint
    logger.exception(f"{e}", stack_info=True)
>>>>>>> testing start <<<<<<<
Getting train set of P12
self.configs.patch_len_max_irr=6
self.configs.seq_len_max_irr=36
self.configs.pred_len_max_irr=6
Getting test set of P12
CUDA_VISIBLE_DEVICES: 
Primary GPU: 1
>>>>>>> testing start <<<<<<<
Getting train set of MIMIC_III
CUDA_VISIBLE_DEVICES: 
Primary GPU: 1
>>>>>>> testing start <<<<<<<
Getting train set of MIMIC_III
self.configs.patch_len_max_irr=12
self.configs.seq_len_max_irr=72
self.configs.pred_len_max_irr=12
Getting test set of MIMIC_III
self.configs.patch_len_max_irr=12
self.configs.seq_len_max_irr=72
self.configs.pred_len_max_irr=12
find 3 iteration folders for testing
Loading model checkpoint from storage/results/MIMIC_III/tPatchGNN/tPatchGNN/72_3/2026_0111_1037/iter0/pytorch_model.bin
Testing results will be saved under storage/results/MIMIC_III/tPatchGNN/tPatchGNN/72_3/2026_0111_1037/iter0/eval_2026_0216_1836
>>>>>>> 0 step1: standard test <<<<<<<
Batch No.498 of total 499 has actual batch_size=2, which is not the same as --batch_size=32
Standard Test:
{
    "MAE": 0.4237544536590576,
    "MSE": 0.4835909903049469
}
>>>>>>>0 step2: UnderCalii <<<<<<<
Loading model checkpoint from storage/results/MIMIC_III/tPatchGNN/tPatchGNN/72_3/2026_0111_1037/iter0/pytorch_model.bin
>>>>>>> 0 test  <<<<<<<
standard test- MSE: 0.483591, MAE: 0.423754
adaptive test - MSE: 0.477411, MAE: 0.423738
MSE improvement: 1.28%
MAE improvement: 0.00%
>>>>>>>0 testing finished <<<<<<<
Loading model checkpoint from storage/results/MIMIC_III/tPatchGNN/tPatchGNN/72_3/2026_0111_1037/iter1/pytorch_model.bin
Testing results will be saved under storage/results/MIMIC_III/tPatchGNN/tPatchGNN/72_3/2026_0111_1037/iter1/eval_2026_0216_1841
>>>>>>> 1 step1: standard test <<<<<<<
Batch No.498 of total 499 has actual batch_size=2, which is not the same as --batch_size=32
Standard Test:
{
    "MAE": 0.4518853425979614,
    "MSE": 0.5193655490875244
}
>>>>>>>1 step2: UnderCalii <<<<<<<
Loading model checkpoint from storage/results/MIMIC_III/tPatchGNN/tPatchGNN/72_3/2026_0111_1037/iter1/pytorch_model.bin
>>>>>>> 1 test  <<<<<<<
standard test- MSE: 0.519366, MAE: 0.451885
adaptive test - MSE: 0.507713, MAE: 0.445696
MSE improvement: 2.24%
MAE improvement: 1.37%
>>>>>>>1 testing finished <<<<<<<
Loading model checkpoint from storage/results/MIMIC_III/tPatchGNN/tPatchGNN/72_3/2026_0111_1037/iter2/pytorch_model.bin
Testing results will be saved under storage/results/MIMIC_III/tPatchGNN/tPatchGNN/72_3/2026_0111_1037/iter2/eval_2026_0216_1845
>>>>>>> 2 step1: standard test <<<<<<<
Batch No.498 of total 499 has actual batch_size=2, which is not the same as --batch_size=32
Standard Test:
{
    "MAE": 0.4205307066440582,
    "MSE": 0.4870551526546478
}
>>>>>>>2 step2: UnderCalii <<<<<<<
Loading model checkpoint from storage/results/MIMIC_III/tPatchGNN/tPatchGNN/72_3/2026_0111_1037/iter2/pytorch_model.bin
>>>>>>> 2 test  <<<<<<<
standard test- MSE: 0.487055, MAE: 0.420531
adaptive test - MSE: 0.491663, MAE: 0.421965
MSE improvement: -0.95%
MAE improvement: -0.34%
>>>>>>>2 testing finished <<<<<<<
\>>>>>>> 所有迭代测试完成，开始对比分析（基于内存列表） <<<<<<<

================ adaptive test improvement summary ================
iter 0: standard(MSE=0.4836, MAE=0.4238) | adaptive(MSE=0.4774, MAE=0.4237) | improve(MSE=1.28%, MAE=0.00%)
iter 1: standard(MSE=0.5194, MAE=0.4519) | adaptive(MSE=0.5077, MAE=0.4457) | improve(MSE=2.24%, MAE=1.37%)
iter 2: standard(MSE=0.4871, MAE=0.4205) | adaptive(MSE=0.4917, MAE=0.4220) | improve(MSE=-0.95%, MAE=-0.34%)
\>>>>>>> testing finished <<<<<<<
CUDA_VISIBLE_DEVICES: 
Primary GPU: 1
[Errno 2] No such file or directory: 'storage/results/MIMIC_III/tPatchGNN/tPatchGNN/72_3'
Traceback (most recent call last):
  File "/home/whn/PyOmniTS/Under_cali/exp/under_cali.py", line 991, in _find_latest_checkpoint
    child_folders = [(entry.name, entry) for entry in checkpoint_location.iterdir() if entry.is_dir()]
  File "/home/whn/PyOmniTS/Under_cali/exp/under_cali.py", line 991, in <listcomp>
    child_folders = [(entry.name, entry) for entry in checkpoint_location.iterdir() if entry.is_dir()]
  File "/home/whn/anaconda3/envs/timecheat/lib/python3.10/pathlib.py", line 1017, in iterdir
    for name in self._accessor.listdir(self):
FileNotFoundError: [Errno 2] No such file or directory: 'storage/results/MIMIC_III/tPatchGNN/tPatchGNN/72_3'
Stack (most recent call last):
  File "/home/whn/PyOmniTS/Under_cali/main_new.py", line 179, in <module>
    main()
  File "/home/whn/PyOmniTS/Under_cali/main_new.py", line 168, in main
    not exp._check_any_uncertainty_model_exists()):
  File "/home/whn/PyOmniTS/Under_cali/exp/under_cali.py", line 1330, in _check_any_uncertainty_model_exists
    checkpoint_location, checkpoint_location_itr = self._find_latest_checkpoint()
  File "/home/whn/PyOmniTS/Under_cali/exp/under_cali.py", line 1004, in _find_latest_checkpoint
    logger.exception(f"{e}", stack_info=True)
[Errno 2] No such file or directory: 'storage/results/MIMIC_III/tPatchGNN/tPatchGNN/72_3'
Traceback (most recent call last):
  File "/home/whn/PyOmniTS/Under_cali/exp/under_cali.py", line 991, in _find_latest_checkpoint
    child_folders = [(entry.name, entry) for entry in checkpoint_location.iterdir() if entry.is_dir()]
  File "/home/whn/PyOmniTS/Under_cali/exp/under_cali.py", line 991, in <listcomp>
    child_folders = [(entry.name, entry) for entry in checkpoint_location.iterdir() if entry.is_dir()]
  File "/home/whn/anaconda3/envs/timecheat/lib/python3.10/pathlib.py", line 1017, in iterdir
    for name in self._accessor.listdir(self):
FileNotFoundError: [Errno 2] No such file or directory: 'storage/results/MIMIC_III/tPatchGNN/tPatchGNN/72_3'
Stack (most recent call last):
  File "/home/whn/PyOmniTS/Under_cali/main_new.py", line 179, in <module>
    main()
  File "/home/whn/PyOmniTS/Under_cali/main_new.py", line 170, in main
    exp.train_uncertainty_estimator_for_all_iters()
  File "/home/whn/PyOmniTS/Under_cali/exp/under_cali.py", line 1021, in train_uncertainty_estimator_for_all_iters
    checkpoint_location, _ = self._find_latest_checkpoint()
  File "/home/whn/PyOmniTS/Under_cali/exp/under_cali.py", line 1004, in _find_latest_checkpoint
    logger.exception(f"{e}", stack_info=True)
>>>>>>> testing start <<<<<<<
Getting test set of MIMIC_III
self.configs.patch_len_max_irr=12
self.configs.seq_len_max_irr=72
self.configs.pred_len_max_irr=12
[Errno 2] No such file or directory: 'storage/results/MIMIC_III/tPatchGNN/tPatchGNN/72_3'
Traceback (most recent call last):
  File "/home/whn/PyOmniTS/Under_cali/exp/under_cali.py", line 991, in _find_latest_checkpoint
    child_folders = [(entry.name, entry) for entry in checkpoint_location.iterdir() if entry.is_dir()]
  File "/home/whn/PyOmniTS/Under_cali/exp/under_cali.py", line 991, in <listcomp>
    child_folders = [(entry.name, entry) for entry in checkpoint_location.iterdir() if entry.is_dir()]
  File "/home/whn/anaconda3/envs/timecheat/lib/python3.10/pathlib.py", line 1017, in iterdir
    for name in self._accessor.listdir(self):
FileNotFoundError: [Errno 2] No such file or directory: 'storage/results/MIMIC_III/tPatchGNN/tPatchGNN/72_3'
Stack (most recent call last):
  File "/home/whn/PyOmniTS/Under_cali/main_new.py", line 179, in <module>
    main()
  File "/home/whn/PyOmniTS/Under_cali/main_new.py", line 172, in main
    exp.test()
  File "/home/whn/PyOmniTS/Under_cali/exp/under_cali.py", line 1686, in test
    checkpoint_location, checkpoint_location_itr = self._find_latest_checkpoint()
  File "/home/whn/PyOmniTS/Under_cali/exp/under_cali.py", line 1004, in _find_latest_checkpoint
    logger.exception(f"{e}", stack_info=True)
No checkpoint found for testing. Please check --checkpoint_path and --checkpoints_test arguments.
Training iter0 save to: storage/results/HumanActivity/tPatchGNN/tPatchGNN/3000_300/2026_0216_2032/iter0
CUDA_VISIBLE_DEVICES: 
Primary GPU: 1
>>>>>>> training start <<<<<<<
Getting train set of HumanActivity
self.configs.patch_len_max_irr=11
self.configs.seq_len_max_irr=110
self.configs.pred_len_max_irr=11
Getting val set of HumanActivity
Train stage 1/1 starts.
Validation loss decreased (inf --> 1.68e+00).  Saving model ...
Updating learning rate to 1.000000e-03
Validation loss decreased (1.68e+00 --> 1.09e+00).  Saving model ...
Updating learning rate to 1.000000e-03
Validation loss decreased (1.09e+00 --> 1.07e+00).  Saving model ...
Updating learning rate to 8.000000e-04
Validation loss decreased (1.07e+00 --> 7.55e-01).  Saving model ...
Updating learning rate to 6.400000e-04
Validation loss decreased (7.55e-01 --> 6.01e-01).  Saving model ...
Updating learning rate to 5.120000e-04
EarlyStopping counter: 1 out of 10
Updating learning rate to 4.096000e-04
Validation loss decreased (6.01e-01 --> 5.63e-01).  Saving model ...
Updating learning rate to 3.276800e-04
Validation loss decreased (5.63e-01 --> 4.49e-01).  Saving model ...
Updating learning rate to 2.621440e-04
Validation loss decreased (4.49e-01 --> 4.15e-01).  Saving model ...
Updating learning rate to 2.097152e-04
Validation loss decreased (4.15e-01 --> 3.79e-01).  Saving model ...
Updating learning rate to 1.677722e-04
Validation loss decreased (3.79e-01 --> 3.70e-01).  Saving model ...
Updating learning rate to 1.342177e-04
Validation loss decreased (3.70e-01 --> 3.70e-01).  Saving model ...
Updating learning rate to 1.073742e-04
Validation loss decreased (3.70e-01 --> 3.41e-01).  Saving model ...
Updating learning rate to 8.589935e-05
Validation loss decreased (3.41e-01 --> 3.41e-01).  Saving model ...
Updating learning rate to 6.871948e-05
Validation loss decreased (3.41e-01 --> 3.34e-01).  Saving model ...
Updating learning rate to 5.497558e-05
EarlyStopping counter: 1 out of 10
Updating learning rate to 4.398047e-05
Validation loss decreased (3.34e-01 --> 3.30e-01).  Saving model ...
Updating learning rate to 3.518437e-05
Validation loss decreased (3.30e-01 --> 3.26e-01).  Saving model ...
Updating learning rate to 2.814750e-05
Validation loss decreased (3.26e-01 --> 3.21e-01).  Saving model ...
Updating learning rate to 2.251800e-05
EarlyStopping counter: 1 out of 10
Updating learning rate to 1.801440e-05
Validation loss decreased (3.21e-01 --> 3.18e-01).  Saving model ...
Updating learning rate to 1.441152e-05
EarlyStopping counter: 1 out of 10
Updating learning rate to 1.152922e-05
EarlyStopping counter: 2 out of 10
Updating learning rate to 9.223372e-06
Validation loss decreased (3.18e-01 --> 3.13e-01).  Saving model ...
Updating learning rate to 7.378698e-06
EarlyStopping counter: 1 out of 10
Updating learning rate to 5.902958e-06
EarlyStopping counter: 2 out of 10
Updating learning rate to 4.722366e-06
Validation loss decreased (3.13e-01 --> 3.11e-01).  Saving model ...
Updating learning rate to 3.777893e-06
EarlyStopping counter: 1 out of 10
Updating learning rate to 3.022315e-06
EarlyStopping counter: 2 out of 10
Updating learning rate to 2.417852e-06
EarlyStopping counter: 3 out of 10
Updating learning rate to 1.934281e-06
EarlyStopping counter: 4 out of 10
Updating learning rate to 1.547425e-06
Validation loss decreased (3.11e-01 --> 3.08e-01).  Saving model ...
Updating learning rate to 1.237940e-06
EarlyStopping counter: 1 out of 10
Updating learning rate to 9.903520e-07
EarlyStopping counter: 2 out of 10
Updating learning rate to 7.922816e-07
EarlyStopping counter: 3 out of 10
Updating learning rate to 6.338253e-07
EarlyStopping counter: 4 out of 10
Updating learning rate to 5.070602e-07
EarlyStopping counter: 5 out of 10
Updating learning rate to 4.056482e-07
EarlyStopping counter: 6 out of 10
Updating learning rate to 3.245186e-07
EarlyStopping counter: 7 out of 10
Updating learning rate to 2.596148e-07
EarlyStopping counter: 8 out of 10
Updating learning rate to 2.076919e-07
EarlyStopping counter: 9 out of 10
Updating learning rate to 1.661535e-07
EarlyStopping counter: 10 out of 10
Early stopping
Updating learning rate to 1.329228e-07
Training iter1 save to: storage/results/HumanActivity/tPatchGNN/tPatchGNN/3000_300/2026_0216_2032/iter1
CUDA_VISIBLE_DEVICES: 
Primary GPU: 1
>>>>>>> training start <<<<<<<
Getting train set of HumanActivity
self.configs.patch_len_max_irr=11
self.configs.seq_len_max_irr=110
self.configs.pred_len_max_irr=11
Getting val set of HumanActivity
Train stage 1/1 starts.
Validation loss decreased (inf --> 1.57e+00).  Saving model ...
Updating learning rate to 1.000000e-03
Validation loss decreased (1.57e+00 --> 8.59e-01).  Saving model ...
Updating learning rate to 1.000000e-03
Validation loss decreased (8.59e-01 --> 7.30e-01).  Saving model ...
Updating learning rate to 8.000000e-04
Validation loss decreased (7.30e-01 --> 3.80e-01).  Saving model ...
Updating learning rate to 6.400000e-04
EarlyStopping counter: 1 out of 10
Updating learning rate to 5.120000e-04
Validation loss decreased (3.80e-01 --> 3.15e-01).  Saving model ...
Updating learning rate to 4.096000e-04
Validation loss decreased (3.15e-01 --> 2.90e-01).  Saving model ...
Updating learning rate to 3.276800e-04
Validation loss decreased (2.90e-01 --> 2.39e-01).  Saving model ...
Updating learning rate to 2.621440e-04
Validation loss decreased (2.39e-01 --> 2.25e-01).  Saving model ...
Updating learning rate to 2.097152e-04
EarlyStopping counter: 1 out of 10
Updating learning rate to 1.677722e-04
Validation loss decreased (2.25e-01 --> 2.19e-01).  Saving model ...
Updating learning rate to 1.342177e-04
Validation loss decreased (2.19e-01 --> 2.10e-01).  Saving model ...
Updating learning rate to 1.073742e-04
Validation loss decreased (2.10e-01 --> 1.96e-01).  Saving model ...
Updating learning rate to 8.589935e-05
Validation loss decreased (1.96e-01 --> 1.84e-01).  Saving model ...
Updating learning rate to 6.871948e-05
Validation loss decreased (1.84e-01 --> 1.82e-01).  Saving model ...
Updating learning rate to 5.497558e-05
Validation loss decreased (1.82e-01 --> 1.81e-01).  Saving model ...
Updating learning rate to 4.398047e-05
EarlyStopping counter: 1 out of 10
Updating learning rate to 3.518437e-05
Validation loss decreased (1.81e-01 --> 1.80e-01).  Saving model ...
Updating learning rate to 2.814750e-05
Validation loss decreased (1.80e-01 --> 1.77e-01).  Saving model ...
Updating learning rate to 2.251800e-05
Validation loss decreased (1.77e-01 --> 1.77e-01).  Saving model ...
Updating learning rate to 1.801440e-05
Validation loss decreased (1.77e-01 --> 1.76e-01).  Saving model ...
Updating learning rate to 1.441152e-05
Validation loss decreased (1.76e-01 --> 1.76e-01).  Saving model ...
Updating learning rate to 1.152922e-05
EarlyStopping counter: 1 out of 10
Updating learning rate to 9.223372e-06
EarlyStopping counter: 2 out of 10
Updating learning rate to 7.378698e-06
EarlyStopping counter: 3 out of 10
Updating learning rate to 5.902958e-06
Validation loss decreased (1.76e-01 --> 1.74e-01).  Saving model ...
Updating learning rate to 4.722366e-06
EarlyStopping counter: 1 out of 10
Updating learning rate to 3.777893e-06
EarlyStopping counter: 2 out of 10
Updating learning rate to 3.022315e-06
Validation loss decreased (1.74e-01 --> 1.72e-01).  Saving model ...
Updating learning rate to 2.417852e-06
EarlyStopping counter: 1 out of 10
Updating learning rate to 1.934281e-06
EarlyStopping counter: 2 out of 10
Updating learning rate to 1.547425e-06
EarlyStopping counter: 3 out of 10
Updating learning rate to 1.237940e-06
Validation loss decreased (1.72e-01 --> 1.71e-01).  Saving model ...
Updating learning rate to 9.903520e-07
EarlyStopping counter: 1 out of 10
Updating learning rate to 7.922816e-07
EarlyStopping counter: 2 out of 10
Updating learning rate to 6.338253e-07
EarlyStopping counter: 3 out of 10
Updating learning rate to 5.070602e-07
EarlyStopping counter: 4 out of 10
Updating learning rate to 4.056482e-07
EarlyStopping counter: 5 out of 10
Updating learning rate to 3.245186e-07
EarlyStopping counter: 6 out of 10
Updating learning rate to 2.596148e-07
EarlyStopping counter: 7 out of 10
Updating learning rate to 2.076919e-07
EarlyStopping counter: 8 out of 10
Updating learning rate to 1.661535e-07
EarlyStopping counter: 9 out of 10
Updating learning rate to 1.329228e-07
EarlyStopping counter: 10 out of 10
Early stopping
Updating learning rate to 1.063382e-07
Training iter2 save to: storage/results/HumanActivity/tPatchGNN/tPatchGNN/3000_300/2026_0216_2032/iter2
CUDA_VISIBLE_DEVICES: 
Primary GPU: 1
>>>>>>> training start <<<<<<<
Getting train set of HumanActivity
self.configs.patch_len_max_irr=11
self.configs.seq_len_max_irr=110
self.configs.pred_len_max_irr=11
Getting val set of HumanActivity
Train stage 1/1 starts.
Validation loss decreased (inf --> 1.34e+00).  Saving model ...
Updating learning rate to 1.000000e-03
Validation loss decreased (1.34e+00 --> 8.07e-01).  Saving model ...
Updating learning rate to 1.000000e-03
Validation loss decreased (8.07e-01 --> 4.86e-01).  Saving model ...
Updating learning rate to 8.000000e-04
Validation loss decreased (4.86e-01 --> 2.71e-01).  Saving model ...
Updating learning rate to 6.400000e-04
Validation loss decreased (2.71e-01 --> 2.71e-01).  Saving model ...
Updating learning rate to 5.120000e-04
Validation loss decreased (2.71e-01 --> 1.66e-01).  Saving model ...
Updating learning rate to 4.096000e-04
Validation loss decreased (1.66e-01 --> 1.57e-01).  Saving model ...
Updating learning rate to 3.276800e-04
Validation loss decreased (1.57e-01 --> 1.21e-01).  Saving model ...
Updating learning rate to 2.621440e-04
Validation loss decreased (1.21e-01 --> 1.06e-01).  Saving model ...
Updating learning rate to 2.097152e-04
EarlyStopping counter: 1 out of 10
Updating learning rate to 1.677722e-04
Validation loss decreased (1.06e-01 --> 9.33e-02).  Saving model ...
Updating learning rate to 1.342177e-04
EarlyStopping counter: 1 out of 10
Updating learning rate to 1.073742e-04
EarlyStopping counter: 2 out of 10
Updating learning rate to 8.589935e-05
EarlyStopping counter: 3 out of 10
Updating learning rate to 6.871948e-05
Validation loss decreased (9.33e-02 --> 9.04e-02).  Saving model ...
Updating learning rate to 5.497558e-05
Validation loss decreased (9.04e-02 --> 9.02e-02).  Saving model ...
Updating learning rate to 4.398047e-05
EarlyStopping counter: 1 out of 10
Updating learning rate to 3.518437e-05
EarlyStopping counter: 2 out of 10
Updating learning rate to 2.814750e-05
EarlyStopping counter: 3 out of 10
Updating learning rate to 2.251800e-05
Validation loss decreased (9.02e-02 --> 8.98e-02).  Saving model ...
Updating learning rate to 1.801440e-05
Validation loss decreased (8.98e-02 --> 8.93e-02).  Saving model ...
Updating learning rate to 1.441152e-05
Validation loss decreased (8.93e-02 --> 8.82e-02).  Saving model ...
Updating learning rate to 1.152922e-05
EarlyStopping counter: 1 out of 10
Updating learning rate to 9.223372e-06
EarlyStopping counter: 2 out of 10
Updating learning rate to 7.378698e-06
EarlyStopping counter: 3 out of 10
Updating learning rate to 5.902958e-06
EarlyStopping counter: 4 out of 10
Updating learning rate to 4.722366e-06
EarlyStopping counter: 5 out of 10
Updating learning rate to 3.777893e-06
EarlyStopping counter: 6 out of 10
Updating learning rate to 3.022315e-06
Validation loss decreased (8.82e-02 --> 8.70e-02).  Saving model ...
Updating learning rate to 2.417852e-06
EarlyStopping counter: 1 out of 10
Updating learning rate to 1.934281e-06
Validation loss decreased (8.70e-02 --> 8.20e-02).  Saving model ...
Updating learning rate to 1.547425e-06
EarlyStopping counter: 1 out of 10
Updating learning rate to 1.237940e-06
EarlyStopping counter: 2 out of 10
Updating learning rate to 9.903520e-07
EarlyStopping counter: 3 out of 10
Updating learning rate to 7.922816e-07
EarlyStopping counter: 4 out of 10
Updating learning rate to 6.338253e-07
EarlyStopping counter: 5 out of 10
Updating learning rate to 5.070602e-07
EarlyStopping counter: 6 out of 10
Updating learning rate to 4.056482e-07
EarlyStopping counter: 7 out of 10
Updating learning rate to 3.245186e-07
EarlyStopping counter: 8 out of 10
Updating learning rate to 2.596148e-07
EarlyStopping counter: 9 out of 10
Updating learning rate to 2.076919e-07
EarlyStopping counter: 10 out of 10
Early stopping
Updating learning rate to 1.661535e-07
Training iter3 save to: storage/results/HumanActivity/tPatchGNN/tPatchGNN/3000_300/2026_0216_2032/iter3
CUDA_VISIBLE_DEVICES: 
Primary GPU: 1
>>>>>>> training start <<<<<<<
Getting train set of HumanActivity
self.configs.patch_len_max_irr=11
self.configs.seq_len_max_irr=110
self.configs.pred_len_max_irr=11
Getting val set of HumanActivity
Train stage 1/1 starts.
Validation loss decreased (inf --> 2.47e+00).  Saving model ...
Updating learning rate to 1.000000e-03
Validation loss decreased (2.47e+00 --> 1.54e+00).  Saving model ...
Updating learning rate to 1.000000e-03
Validation loss decreased (1.54e+00 --> 1.01e+00).  Saving model ...
Updating learning rate to 8.000000e-04
Validation loss decreased (1.01e+00 --> 6.70e-01).  Saving model ...
Updating learning rate to 6.400000e-04
Validation loss decreased (6.70e-01 --> 2.73e-01).  Saving model ...
Updating learning rate to 5.120000e-04
EarlyStopping counter: 1 out of 10
Updating learning rate to 4.096000e-04
Validation loss decreased (2.73e-01 --> 2.19e-01).  Saving model ...
Updating learning rate to 3.276800e-04
Validation loss decreased (2.19e-01 --> 2.07e-01).  Saving model ...
Updating learning rate to 2.621440e-04
Validation loss decreased (2.07e-01 --> 1.73e-01).  Saving model ...
Updating learning rate to 2.097152e-04
Validation loss decreased (1.73e-01 --> 1.46e-01).  Saving model ...
Updating learning rate to 1.677722e-04
Validation loss decreased (1.46e-01 --> 1.41e-01).  Saving model ...
Updating learning rate to 1.342177e-04
Validation loss decreased (1.41e-01 --> 1.22e-01).  Saving model ...
Updating learning rate to 1.073742e-04
Validation loss decreased (1.22e-01 --> 1.20e-01).  Saving model ...
Updating learning rate to 8.589935e-05
Validation loss decreased (1.20e-01 --> 1.17e-01).  Saving model ...
Updating learning rate to 6.871948e-05
Validation loss decreased (1.17e-01 --> 1.13e-01).  Saving model ...
Updating learning rate to 5.497558e-05
Validation loss decreased (1.13e-01 --> 9.98e-02).  Saving model ...
Updating learning rate to 4.398047e-05
EarlyStopping counter: 1 out of 10
Updating learning rate to 3.518437e-05
EarlyStopping counter: 2 out of 10
Updating learning rate to 2.814750e-05
EarlyStopping counter: 3 out of 10
Updating learning rate to 2.251800e-05
Validation loss decreased (9.98e-02 --> 9.96e-02).  Saving model ...
Updating learning rate to 1.801440e-05
EarlyStopping counter: 1 out of 10
Updating learning rate to 1.441152e-05
EarlyStopping counter: 2 out of 10
Updating learning rate to 1.152922e-05
EarlyStopping counter: 3 out of 10
Updating learning rate to 9.223372e-06
EarlyStopping counter: 4 out of 10
Updating learning rate to 7.378698e-06
EarlyStopping counter: 5 out of 10
Updating learning rate to 5.902958e-06
EarlyStopping counter: 6 out of 10
Updating learning rate to 4.722366e-06
EarlyStopping counter: 7 out of 10
Updating learning rate to 3.777893e-06
Validation loss decreased (9.96e-02 --> 9.69e-02).  Saving model ...
Updating learning rate to 3.022315e-06
EarlyStopping counter: 1 out of 10
Updating learning rate to 2.417852e-06
EarlyStopping counter: 2 out of 10
Updating learning rate to 1.934281e-06
EarlyStopping counter: 3 out of 10
Updating learning rate to 1.547425e-06
EarlyStopping counter: 4 out of 10
Updating learning rate to 1.237940e-06
EarlyStopping counter: 5 out of 10
Updating learning rate to 9.903520e-07
EarlyStopping counter: 6 out of 10
Updating learning rate to 7.922816e-07
EarlyStopping counter: 7 out of 10
Updating learning rate to 6.338253e-07
EarlyStopping counter: 8 out of 10
Updating learning rate to 5.070602e-07
EarlyStopping counter: 9 out of 10
Updating learning rate to 4.056482e-07
EarlyStopping counter: 10 out of 10
Early stopping
Updating learning rate to 3.245186e-07
Training iter4 save to: storage/results/HumanActivity/tPatchGNN/tPatchGNN/3000_300/2026_0216_2032/iter4
CUDA_VISIBLE_DEVICES: 
Primary GPU: 1
>>>>>>> training start <<<<<<<
Getting train set of HumanActivity
self.configs.patch_len_max_irr=11
self.configs.seq_len_max_irr=110
self.configs.pred_len_max_irr=11
Getting val set of HumanActivity
Train stage 1/1 starts.
Validation loss decreased (inf --> 2.39e+00).  Saving model ...
Updating learning rate to 1.000000e-03
Validation loss decreased (2.39e+00 --> 1.30e+00).  Saving model ...
Updating learning rate to 1.000000e-03
Validation loss decreased (1.30e+00 --> 8.09e-01).  Saving model ...
Updating learning rate to 8.000000e-04
Validation loss decreased (8.09e-01 --> 3.56e-01).  Saving model ...
Updating learning rate to 6.400000e-04
Validation loss decreased (3.56e-01 --> 2.95e-01).  Saving model ...
Updating learning rate to 5.120000e-04
Validation loss decreased (2.95e-01 --> 2.65e-01).  Saving model ...
Updating learning rate to 4.096000e-04
Validation loss decreased (2.65e-01 --> 1.71e-01).  Saving model ...
Updating learning rate to 3.276800e-04
Validation loss decreased (1.71e-01 --> 1.55e-01).  Saving model ...
Updating learning rate to 2.621440e-04
Validation loss decreased (1.55e-01 --> 1.42e-01).  Saving model ...
Updating learning rate to 2.097152e-04
EarlyStopping counter: 1 out of 10
Updating learning rate to 1.677722e-04
Validation loss decreased (1.42e-01 --> 1.13e-01).  Saving model ...
Updating learning rate to 1.342177e-04
EarlyStopping counter: 1 out of 10
Updating learning rate to 1.073742e-04
EarlyStopping counter: 2 out of 10
Updating learning rate to 8.589935e-05
EarlyStopping counter: 3 out of 10
Updating learning rate to 6.871948e-05
EarlyStopping counter: 4 out of 10
Updating learning rate to 5.497558e-05
EarlyStopping counter: 5 out of 10
Updating learning rate to 4.398047e-05
EarlyStopping counter: 6 out of 10
Updating learning rate to 3.518437e-05
Validation loss decreased (1.13e-01 --> 1.12e-01).  Saving model ...
Updating learning rate to 2.814750e-05
Validation loss decreased (1.12e-01 --> 1.08e-01).  Saving model ...
Updating learning rate to 2.251800e-05
EarlyStopping counter: 1 out of 10
Updating learning rate to 1.801440e-05
EarlyStopping counter: 2 out of 10
Updating learning rate to 1.441152e-05
EarlyStopping counter: 3 out of 10
Updating learning rate to 1.152922e-05
EarlyStopping counter: 4 out of 10
Updating learning rate to 9.223372e-06
EarlyStopping counter: 5 out of 10
Updating learning rate to 7.378698e-06
EarlyStopping counter: 6 out of 10
Updating learning rate to 5.902958e-06
EarlyStopping counter: 7 out of 10
Updating learning rate to 4.722366e-06
EarlyStopping counter: 8 out of 10
Updating learning rate to 3.777893e-06
EarlyStopping counter: 9 out of 10
Updating learning rate to 3.022315e-06
EarlyStopping counter: 10 out of 10
Early stopping
Updating learning rate to 2.417852e-06
Getting train set of HumanActivity
self.configs.patch_len_max_irr=11
self.configs.seq_len_max_irr=110
self.configs.pred_len_max_irr=11
Getting val set of HumanActivity
>>>>>>> testing start <<<<<<<
Getting test set of HumanActivity
self.configs.patch_len_max_irr=11
self.configs.seq_len_max_irr=110
self.configs.pred_len_max_irr=11
find 5 iteration folders for testing
Loading model checkpoint from storage/results/HumanActivity/tPatchGNN/tPatchGNN/3000_300/2026_0216_2032/iter0/pytorch_model.bin
Testing results will be saved under storage/results/HumanActivity/tPatchGNN/tPatchGNN/3000_300/2026_0216_2032/iter0/eval_2026_0216_2040
>>>>>>> 0 step1: standard test <<<<<<<
Batch No.33 of total 34 has actual batch_size=25, which is not the same as --batch_size=32
Standard Test:
{
    "MAE": 0.41396564245224,
    "MSE": 0.3027399778366089
}
>>>>>>>0 step2: UnderCali <<<<<<<
Loading model checkpoint from storage/results/HumanActivity/tPatchGNN/tPatchGNN/3000_300/2026_0216_2032/iter0/pytorch_model.bin
>>>>>>> 0 test  <<<<<<<
standard test- MSE: 0.302740, MAE: 0.413966
adaptive test - MSE: 0.270703, MAE: 0.377261
MSE improvement: 10.58%
MAE improvement: 8.87%
>>>>>>>0 testing finished <<<<<<<
Loading model checkpoint from storage/results/HumanActivity/tPatchGNN/tPatchGNN/3000_300/2026_0216_2032/iter1/pytorch_model.bin
Testing results will be saved under storage/results/HumanActivity/tPatchGNN/tPatchGNN/3000_300/2026_0216_2032/iter1/eval_2026_0216_2040
>>>>>>> 1 step1: standard test <<<<<<<
Batch No.33 of total 34 has actual batch_size=25, which is not the same as --batch_size=32
Standard Test:
{
    "MAE": 0.27242323756217957,
    "MSE": 0.1506989449262619
}
>>>>>>>1 step2: UnderCali <<<<<<<
Loading model checkpoint from storage/results/HumanActivity/tPatchGNN/tPatchGNN/3000_300/2026_0216_2032/iter1/pytorch_model.bin
>>>>>>> 1 test  <<<<<<<
standard test- MSE: 0.150699, MAE: 0.272423
adaptive test - MSE: 0.133310, MAE: 0.251294
MSE improvement: 11.54%
MAE improvement: 7.76%
>>>>>>>1 testing finished <<<<<<<
Loading model checkpoint from storage/results/HumanActivity/tPatchGNN/tPatchGNN/3000_300/2026_0216_2032/iter2/pytorch_model.bin
Testing results will be saved under storage/results/HumanActivity/tPatchGNN/tPatchGNN/3000_300/2026_0216_2032/iter2/eval_2026_0216_2040
>>>>>>> 2 step1: standard test <<<<<<<
Batch No.33 of total 34 has actual batch_size=25, which is not the same as --batch_size=32
Standard Test:
{
    "MAE": 0.17538189888000488,
    "MSE": 0.06762396544218063
}
>>>>>>>2 step2: UnderCali <<<<<<<
Loading model checkpoint from storage/results/HumanActivity/tPatchGNN/tPatchGNN/3000_300/2026_0216_2032/iter2/pytorch_model.bin
>>>>>>> 2 test  <<<<<<<
standard test- MSE: 0.067624, MAE: 0.175382
adaptive test - MSE: 0.066068, MAE: 0.171399
MSE improvement: 2.30%
MAE improvement: 2.27%
>>>>>>>2 testing finished <<<<<<<
Loading model checkpoint from storage/results/HumanActivity/tPatchGNN/tPatchGNN/3000_300/2026_0216_2032/iter3/pytorch_model.bin
Testing results will be saved under storage/results/HumanActivity/tPatchGNN/tPatchGNN/3000_300/2026_0216_2032/iter3/eval_2026_0216_2040
>>>>>>> 3 step1: standard test <<<<<<<
Batch No.33 of total 34 has actual batch_size=25, which is not the same as --batch_size=32
Standard Test:
{
    "MAE": 0.19825762510299683,
    "MSE": 0.08197695016860962
}
>>>>>>>3 step2: UnderCali <<<<<<<
Loading model checkpoint from storage/results/HumanActivity/tPatchGNN/tPatchGNN/3000_300/2026_0216_2032/iter3/pytorch_model.bin
>>>>>>> 3 test  <<<<<<<
standard test- MSE: 0.081977, MAE: 0.198258
adaptive test - MSE: 0.078413, MAE: 0.191939
MSE improvement: 4.35%
MAE improvement: 3.19%
>>>>>>>3 testing finished <<<<<<<
Loading model checkpoint from storage/results/HumanActivity/tPatchGNN/tPatchGNN/3000_300/2026_0216_2032/iter4/pytorch_model.bin
Testing results will be saved under storage/results/HumanActivity/tPatchGNN/tPatchGNN/3000_300/2026_0216_2032/iter4/eval_2026_0216_2040
>>>>>>> 4 step1: standard test <<<<<<<
Batch No.33 of total 34 has actual batch_size=25, which is not the same as --batch_size=32
Standard Test:
{
    "MAE": 0.19082927703857422,
    "MSE": 0.08584568649530411
}
>>>>>>>4 step2: UnderCali <<<<<<<
Loading model checkpoint from storage/results/HumanActivity/tPatchGNN/tPatchGNN/3000_300/2026_0216_2032/iter4/pytorch_model.bin
>>>>>>> 4 test  <<<<<<<
standard test- MSE: 0.085846, MAE: 0.190829
adaptive test - MSE: 0.088885, MAE: 0.196032
MSE improvement: -3.54%
MAE improvement: -2.73%
>>>>>>>4 testing finished <<<<<<<
\>>>>>>> 所有迭代测试完成，开始对比分析（基于内存列表） <<<<<<<

================ adaptive test improvement summary ================
iter 0: standard(MSE=0.3027, MAE=0.4140) | adaptive(MSE=0.2707, MAE=0.3773) | improve(MSE=10.58%, MAE=8.87%)
iter 1: standard(MSE=0.1507, MAE=0.2724) | adaptive(MSE=0.1333, MAE=0.2513) | improve(MSE=11.54%, MAE=7.76%)
iter 2: standard(MSE=0.0676, MAE=0.1754) | adaptive(MSE=0.0661, MAE=0.1714) | improve(MSE=2.30%, MAE=2.27%)
iter 3: standard(MSE=0.0820, MAE=0.1983) | adaptive(MSE=0.0784, MAE=0.1919) | improve(MSE=4.35%, MAE=3.19%)
iter 4: standard(MSE=0.0858, MAE=0.1908) | adaptive(MSE=0.0889, MAE=0.1960) | improve(MSE=-3.54%, MAE=-2.73%)
\>>>>>>> testing finished <<<<<<<
